-------------------------------------------------------------------------------
Test set: TestSuite
-------------------------------------------------------------------------------
Tests run: 6, Failures: 2, Errors: 0, Skipped: 4, Time elapsed: 0.705 s <<< FAILURE! - in TestSuite
setUp(CrossbrowserTest)  Time elapsed: 0.491 s  <<< FAILURE!
java.lang.NullPointerException

tearDown(CrossbrowserTest)  Time elapsed: 0.512 s  <<< FAILURE!
java.lang.NullPointerException

